c:\users\aum\documents\graphics\computer_graphics\aum_computer_graphics\opengltemplate\x64\debug\vc142.pdb
c:\users\aum\documents\graphics\computer_graphics\aum_computer_graphics\opengltemplate\x64\debug\vc142.idb
c:\users\aum\documents\graphics\computer_graphics\aum_computer_graphics\opengltemplate\x64\debug\texture.obj
c:\users\aum\documents\graphics\computer_graphics\aum_computer_graphics\opengltemplate\x64\debug\sphere.obj
c:\users\aum\documents\graphics\computer_graphics\aum_computer_graphics\opengltemplate\x64\debug\speedpowerup.obj
c:\users\aum\documents\graphics\computer_graphics\aum_computer_graphics\opengltemplate\x64\debug\skybox.obj
c:\users\aum\documents\graphics\computer_graphics\aum_computer_graphics\opengltemplate\x64\debug\shaders.obj
c:\users\aum\documents\graphics\computer_graphics\aum_computer_graphics\opengltemplate\x64\debug\prism.obj
c:\users\aum\documents\graphics\computer_graphics\aum_computer_graphics\opengltemplate\x64\debug\plane.obj
c:\users\aum\documents\graphics\computer_graphics\aum_computer_graphics\opengltemplate\x64\debug\openassetimportmesh.obj
c:\users\aum\documents\graphics\computer_graphics\aum_computer_graphics\opengltemplate\x64\debug\matrixstack.obj
c:\users\aum\documents\graphics\computer_graphics\aum_computer_graphics\opengltemplate\x64\debug\highresolutiontimer.obj
c:\users\aum\documents\graphics\computer_graphics\aum_computer_graphics\opengltemplate\x64\debug\pickup.obj
c:\users\aum\documents\graphics\computer_graphics\aum_computer_graphics\opengltemplate\x64\debug\car.obj
c:\users\aum\documents\graphics\computer_graphics\aum_computer_graphics\opengltemplate\x64\debug\gamewindow.obj
c:\users\aum\documents\graphics\computer_graphics\aum_computer_graphics\opengltemplate\x64\debug\gameobject.obj
c:\users\aum\documents\graphics\computer_graphics\aum_computer_graphics\opengltemplate\x64\debug\game.obj
c:\users\aum\documents\graphics\computer_graphics\aum_computer_graphics\opengltemplate\x64\debug\freetypefont.obj
c:\users\aum\documents\graphics\computer_graphics\aum_computer_graphics\opengltemplate\x64\debug\cubemap.obj
c:\users\aum\documents\graphics\computer_graphics\aum_computer_graphics\opengltemplate\x64\debug\catmullrom.obj
c:\users\aum\documents\graphics\computer_graphics\aum_computer_graphics\opengltemplate\x64\debug\camera.obj
c:\users\aum\documents\graphics\computer_graphics\aum_computer_graphics\opengltemplate\x64\debug\audio.obj
c:\users\aum\documents\graphics\computer_graphics\aum_computer_graphics\opengltemplate\x64\debug\vertexbufferobjectindexed.obj
c:\users\aum\documents\graphics\computer_graphics\aum_computer_graphics\opengltemplate\x64\debug\vertexbufferobject.obj
c:\users\aum\documents\graphics\computer_graphics\aum_computer_graphics\x64\debug\opengltemplate.ilk
c:\users\aum\documents\graphics\computer_graphics\aum_computer_graphics\x64\debug\opengltemplate.exe
c:\users\aum\documents\graphics\computer_graphics\aum_computer_graphics\x64\debug\opengltemplate.pdb
c:\users\aum\documents\graphics\computer_graphics\aum_computer_graphics\x64\debug\opengltemplate.lib
c:\users\aum\documents\graphics\computer_graphics\aum_computer_graphics\x64\debug\opengltemplate.exp
c:\users\aum\documents\graphics\computer_graphics\aum_computer_graphics\opengltemplate\x64\debug\opengltemplate.tlog\cl.command.1.tlog
c:\users\aum\documents\graphics\computer_graphics\aum_computer_graphics\opengltemplate\x64\debug\opengltemplate.tlog\cl.read.1.tlog
c:\users\aum\documents\graphics\computer_graphics\aum_computer_graphics\opengltemplate\x64\debug\opengltemplate.tlog\cl.write.1.tlog
c:\users\aum\documents\graphics\computer_graphics\aum_computer_graphics\opengltemplate\x64\debug\opengltemplate.tlog\link.command.1.tlog
c:\users\aum\documents\graphics\computer_graphics\aum_computer_graphics\opengltemplate\x64\debug\opengltemplate.tlog\link.read.1.tlog
c:\users\aum\documents\graphics\computer_graphics\aum_computer_graphics\opengltemplate\x64\debug\opengltemplate.tlog\link.write.1.tlog
c:\users\aum\documents\graphics\computer_graphics\aum_computer_graphics\opengltemplate\x64\debug\opengltemplate.tlog\opengltemplate.write.1u.tlog
